/Users/opensamhot/Library/Python/3.9/lib/python/site-packages/urllib3/__init__.py:35: NotOpenSSLWarning: urllib3 v2 only supports OpenSSL 1.1.1+, currently the 'ssl' module is compiled with 'LibreSSL 2.8.3'. See: https://github.com/urllib3/urllib3/issues/3020
  warnings.warn(
🕐 当前时间: 2026-02-25 09:34:23
============================================================
🚀 早盘异动监控启动
监控时段: 09:30 - 10:00
检查间隔: 300秒
监控股票: 5只
============================================================


============================================================
📊 第 1 次检查 (09:34:23)
============================================================
[09:34:23] 获取实时行情...
✅ 获取 5 只股票数据
🚨 发现 4 只异动股票
✅ 消息已保存: /Users/opensamhot/.openclaw/workspace/data/alert_093423.txt

============================================================
飞书消息预览:
============================================================
🚀 **早盘异动提醒** (09:34)

**中国平安 (601318)**
  价格: ¥65.07 🔴 +0.88%
  成交: 2.8亿
  信号: 成交2.8亿
  时间: 09:34:21

**贵州茅台 (600519)**
  价格: ¥1475.50 🔴 +0.59%
  成交: 3.4亿
  信号: 成交3.4亿
  时间: 09:34:19

**五 粮 液 (000858)**
  价格: ¥105.31 🔴 +0.14%
  成交: 1.1亿
  信号: 成交1.1亿
  时间: 09:34:21

**江西铜业 (600362)**
  价格: ¥57.05 🟢 -0.11%
  成交: 1.6亿
  信号: 成交1.6亿
  时间: 09:34:19

💡 **建议**: 关注资金是否配合，确认突破有效性
============================================================

⏳ 等待 300 秒后再次检查...

============================================================
📊 第 2 次检查 (09:39:23)
============================================================
[09:39:23] 获取实时行情...
✅ 获取 5 只股票数据
🚨 发现 4 只异动股票
✅ 消息已保存: /Users/opensamhot/.openclaw/workspace/data/alert_093923.txt

============================================================
飞书消息预览:
============================================================
🚀 **早盘异动提醒** (09:39)

**中国平安 (601318)**
  价格: ¥64.89 🔴 +0.60%
  成交: 4.8亿
  信号: 成交4.8亿
  时间: 09:39:21

**贵州茅台 (600519)**
  价格: ¥1473.30 🔴 +0.44%
  成交: 4.8亿
  信号: 成交4.8亿
  时间: 09:39:19

**江西铜业 (600362)**
  价格: ¥57.21 🔴 +0.18%
  成交: 2.7亿
  信号: 成交2.7亿
  时间: 09:39:19

**五 粮 液 (000858)**
  价格: ¥105.11 🟢 -0.05%
  成交: 1.7亿
  信号: 成交1.7亿
  时间: 09:39:21

💡 **建议**: 关注资金是否配合，确认突破有效性
============================================================

⏳ 等待 300 秒后再次检查...

============================================================
📊 第 3 次检查 (09:44:23)
============================================================
[09:44:23] 获取实时行情...
✅ 获取 5 只股票数据
🚨 发现 4 只异动股票
✅ 消息已保存: /Users/opensamhot/.openclaw/workspace/data/alert_094424.txt

============================================================
飞书消息预览:
============================================================
🚀 **早盘异动提醒** (09:44)

**中国平安 (601318)**
  价格: ¥65.02 🔴 +0.81%
  成交: 6.1亿
  信号: 成交6.1亿
  时间: 09:44:21

**江西铜业 (600362)**
  价格: ¥57.40 🔴 +0.51%
  成交: 3.9亿
  信号: 成交3.9亿
  时间: 09:44:19

**贵州茅台 (600519)**
  价格: ¥1472.24 🔴 +0.37%
  成交: 6.5亿
  信号: 成交6.5亿
  时间: 09:44:22

**五 粮 液 (000858)**
  价格: ¥105.21 🔴 +0.05%
  成交: 2.2亿
  信号: 成交2.2亿
  时间: 09:44:21

💡 **建议**: 关注资金是否配合，确认突破有效性
============================================================

⏳ 等待 300 秒后再次检查...

============================================================
📊 第 4 次检查 (09:49:24)
============================================================
[09:49:24] 获取实时行情...
✅ 获取 5 只股票数据
🚨 发现 5 只异动股票
✅ 消息已保存: /Users/opensamhot/.openclaw/workspace/data/alert_094924.txt

============================================================
飞书消息预览:
============================================================
🚀 **早盘异动提醒** (09:49)

**中国平安 (601318)**
  价格: ¥65.25 🔴 +1.16%
  成交: 8.2亿
  信号: 成交8.2亿
  时间: 09:49:21

**江西铜业 (600362)**
  价格: ¥57.54 🔴 +0.75%
  成交: 4.7亿
  信号: 成交4.7亿
  时间: 09:49:19

**贵州茅台 (600519)**
  价格: ¥1473.00 🔴 +0.42%
  成交: 7.5亿
  信号: 成交7.5亿
  时间: 09:49:22

**平安银行 (000001)**
  价格: ¥10.92 🔴 +0.09%
  成交: 1.2亿
  信号: 成交1.2亿
  时间: 09:49:21

**五 粮 液 (000858)**
  价格: ¥105.21 🔴 +0.05%
  成交: 2.7亿
  信号: 成交2.7亿
  时间: 09:49:21

💡 **建议**: 关注资金是否配合，确认突破有效性
============================================================

⏳ 等待 300 秒后再次检查...

============================================================
📊 第 5 次检查 (09:54:24)
============================================================
[09:54:24] 获取实时行情...
✅ 获取 5 只股票数据
🚨 发现 5 只异动股票
✅ 消息已保存: /Users/opensamhot/.openclaw/workspace/data/alert_095424.txt

============================================================
飞书消息预览:
============================================================
🚀 **早盘异动提醒** (09:54)

**江西铜业 (600362)**
  价格: ¥57.93 🔴 +1.44%
  成交: 6.3亿
  信号: 成交6.3亿
  时间: 09:54:22

**中国平安 (601318)**
  价格: ¥65.20 🔴 +1.09%
  成交: 9.2亿
  信号: 成交9.2亿
  时间: 09:54:21

**贵州茅台 (600519)**
  价格: ¥1476.99 🔴 +0.69%
  成交: 8.7亿
  信号: 成交8.7亿
  时间: 09:54:22

**平安银行 (000001)**
  价格: ¥10.93 🔴 +0.18%
  成交: 1.4亿
  信号: 成交1.4亿
  时间: 09:54:21

**五 粮 液 (000858)**
  价格: ¥105.26 🔴 +0.10%
  成交: 3.1亿
  信号: 成交3.1亿
  时间: 09:54:21

💡 **建议**: 关注资金是否配合，确认突破有效性
============================================================

⏳ 等待 300 秒后再次检查...

============================================================
📊 第 6 次检查 (09:59:24)
============================================================
[09:59:24] 获取实时行情...
✅ 获取 5 只股票数据
🚨 发现 5 只异动股票
✅ 消息已保存: /Users/opensamhot/.openclaw/workspace/data/alert_095924.txt

============================================================
飞书消息预览:
============================================================
🚀 **早盘异动提醒** (09:59)

**江西铜业 (600362)**
  价格: ¥57.80 🔴 +1.21%
  成交: 7.5亿
  信号: 成交7.5亿
  时间: 09:59:22

**中国平安 (601318)**
  价格: ¥64.90 🔴 +0.62%
  成交: 10.2亿
  信号: 成交10.2亿
  时间: 09:59:21

**贵州茅台 (600519)**
  价格: ¥1475.31 🔴 +0.58%
  成交: 9.9亿
  信号: 成交9.9亿
  时间: 09:59:22

**平安银行 (000001)**
  价格: ¥10.94 🔴 +0.27%
  成交: 1.6亿
  信号: 成交1.6亿
  时间: 09:59:21

**五 粮 液 (000858)**
  价格: ¥105.28 🔴 +0.11%
  成交: 3.4亿
  信号: 成交3.4亿
  时间: 09:59:21

💡 **建议**: 关注资金是否配合，确认突破有效性
============================================================

⏳ 等待 300 秒后再次检查...

============================================================
✅ 早盘监控结束
============================================================
